2019-06-28 19:01:17,236 [MainThread  ] [INFO ]  Host ('127.0.0.1', 56679) sent command "info" to ServiceManager
2019-06-28 19:01:30,667 [Thread-3    ] [INFO ]  HTTP Request from 127.0.0.1:8000 to http://127.0.0.1:8000/generate_plot?start=2018-06-26T21:01&end=2018-06-27T21:01&line=Temp1,auto,none,auto
2019-06-28 19:01:31,315 [Thread-4    ] [INFO ]  custom plot creation finished in 0.647057741 sec.
2019-06-28 19:11:15,347 [MainThread  ] [INFO ]  Host ('127.0.0.1', 58967) sent command "info" to ServiceManager
2019-06-28 19:11:26,605 [Thread-5    ] [INFO ]  HTTP Request from 127.0.0.1:8000 to http://127.0.0.1:8000/generate_plot?start=2018-06-26T21:01&end=2018-06-27T21:01&line=Temp1,auto,none,auto
2019-06-28 19:11:27,194 [Thread-6    ] [INFO ]  custom plot creation finished in 0.588414917 sec.
2019-06-28 19:11:35,726 [MainThread  ] [INFO ]  Host ('127.0.0.1', 58999) sent command "stop django" to ServiceManager
2019-06-28 19:11:44,161 [Thread-5    ] [INFO ]  HTTP Request from 127.0.0.1:8000 to http://127.0.0.1:8000/generate_plot?start=2018-06-26T21:01&end=2018-06-27T21:01&line=Temp1,auto,none,auto
2019-06-28 19:11:44,688 [Thread-8    ] [INFO ]  custom plot creation finished in 0.525624491 sec.
2019-06-28 19:11:45,469 [Thread-5    ] [INFO ]  HTTP Request from 127.0.0.1:8000 to http://127.0.0.1:8000/generate_plot?start=2018-06-26T21:01&end=2018-06-27T21:01&line=Temp1,auto,none,auto
2019-06-28 19:11:45,717 [Thread-5    ] [INFO ]  HTTP Request from 127.0.0.1:8000 to http://127.0.0.1:8000/generate_plot?start=2018-06-26T21:01&end=2018-06-27T21:01&line=Temp1,auto,none,auto
2019-06-28 19:11:45,933 [Thread-5    ] [INFO ]  HTTP Request from 127.0.0.1:8000 to http://127.0.0.1:8000/generate_plot?start=2018-06-26T21:01&end=2018-06-27T21:01&line=Temp1,auto,none,auto
2019-06-28 19:11:46,183 [Thread-5    ] [INFO ]  HTTP Request from 127.0.0.1:8000 to http://127.0.0.1:8000/generate_plot?start=2018-06-26T21:01&end=2018-06-27T21:01&line=Temp1,auto,none,auto
2019-06-28 19:11:47,149 [Thread-9    ] [INFO ]  custom plot creation finished in 1.679599844 sec.
2019-06-28 19:11:47,962 [Thread-10   ] [INFO ]  custom plot creation finished in 2.230050168 sec.
2019-06-28 19:11:48,307 [Thread-11   ] [INFO ]  custom plot creation finished in 2.363255058 sec.
2019-06-28 19:11:48,312 [Thread-12   ] [INFO ]  custom plot creation finished in 2.100859771 sec.
2019-06-28 19:11:55,907 [Thread-5    ] [INFO ]  HTTP Request from 127.0.0.1:8000 to http://127.0.0.1:8000/generate_plot?start=2018-06-26T21:01&end=2018-06-27T21:01&line=Temp1,auto,none,auto
2019-06-28 19:11:56,389 [Thread-13   ] [INFO ]  custom plot creation finished in 0.480359054 sec.
2019-06-29 17:15:47,381 [Thread-2    ] [INFO ]  HTTP Request from 127.0.0.1:8000 to http://127.0.0.1:8000/
2019-06-29 17:15:47,382 [Thread-2    ] [ERROR]  Data for HomePage not found! 
2019-06-29 17:29:12,256 [MainThread  ] [INFO ]  Host ('127.0.0.1', 57082) sent command "info" to ServiceManager
2019-06-29 17:29:36,166 [MainThread  ] [INFO ]  Host ('127.0.0.1', 57473) sent command "info" to ServiceManager
2019-06-29 17:29:37,047 [MainThread  ] [INFO ]  Host ('127.0.0.1', 57488) sent command "info" to ServiceManager
2019-06-29 17:29:37,365 [MainThread  ] [INFO ]  Host ('127.0.0.1', 57495) sent command "info" to ServiceManager
2019-06-29 17:29:37,590 [MainThread  ] [INFO ]  Host ('127.0.0.1', 57497) sent command "info" to ServiceManager
2019-06-29 17:29:37,798 [MainThread  ] [INFO ]  Host ('127.0.0.1', 57499) sent command "info" to ServiceManager
2019-06-29 17:29:37,976 [MainThread  ] [INFO ]  Host ('127.0.0.1', 57502) sent command "info" to ServiceManager
2019-06-29 17:29:38,157 [MainThread  ] [INFO ]  Host ('127.0.0.1', 57506) sent command "info" to ServiceManager
2019-06-29 17:30:36,070 [MainThread  ] [INFO ]  Host ('127.0.0.1', 58447) sent command "info" to ServiceManager
2019-06-29 17:30:37,256 [MainThread  ] [INFO ]  Host ('127.0.0.1', 58478) sent command "info" to ServiceManager
2019-06-29 17:30:37,670 [MainThread  ] [INFO ]  Host ('127.0.0.1', 58483) sent command "info" to ServiceManager
2019-06-29 17:30:50,206 [MainThread  ] [INFO ]  Host ('127.0.0.1', 58692) sent command "info" to ServiceManager
2019-06-29 17:30:51,149 [MainThread  ] [INFO ]  Host ('127.0.0.1', 58705) sent command "info" to ServiceManager
2019-06-29 17:30:51,542 [MainThread  ] [INFO ]  Host ('127.0.0.1', 58714) sent command "info" to ServiceManager
2019-06-29 17:30:51,886 [MainThread  ] [INFO ]  Host ('127.0.0.1', 58715) sent command "info" to ServiceManager
2019-06-29 17:30:52,125 [MainThread  ] [INFO ]  Host ('127.0.0.1', 58721) sent command "info" to ServiceManager
2019-06-29 17:30:52,334 [MainThread  ] [INFO ]  Host ('127.0.0.1', 58730) sent command "info" to ServiceManager
2019-06-29 17:30:52,529 [MainThread  ] [INFO ]  Host ('127.0.0.1', 58734) sent command "info" to ServiceManager
2019-06-29 17:30:52,710 [MainThread  ] [INFO ]  Host ('127.0.0.1', 58735) sent command "info" to ServiceManager
2019-06-29 17:30:52,884 [MainThread  ] [INFO ]  Host ('127.0.0.1', 58736) sent command "info" to ServiceManager
2019-06-29 17:30:53,072 [MainThread  ] [INFO ]  Host ('127.0.0.1', 58738) sent command "info" to ServiceManager
2019-06-29 17:30:53,244 [MainThread  ] [INFO ]  Host ('127.0.0.1', 58746) sent command "info" to ServiceManager
2019-06-29 17:30:53,413 [MainThread  ] [INFO ]  Host ('127.0.0.1', 58753) sent command "info" to ServiceManager
2019-06-29 17:30:53,886 [MainThread  ] [INFO ]  Host ('127.0.0.1', 58755) sent command "info" to ServiceManager
2019-06-29 17:30:53,935 [MainThread  ] [INFO ]  Host ('127.0.0.1', 58756) sent command "info" to ServiceManager
2019-06-29 17:30:54,108 [MainThread  ] [INFO ]  Host ('127.0.0.1', 58758) sent command "info" to ServiceManager
2019-06-29 17:30:54,235 [MainThread  ] [INFO ]  Host ('127.0.0.1', 58767) sent command "info" to ServiceManager
2019-06-29 19:46:10,593 [ThreadPoolEx] [INFO ]  30 plots (1.495MB) removed because they were older than 86400 seconds.
2019-06-29 19:46:23,221 [MainThread  ] [INFO ]  Host ('127.0.0.1', 64090) sent command "info" to ServiceManager
2019-06-29 19:49:51,678 [ThreadPoolEx] [DEBUG]  measured values [-36.002, 39.439]
2019-06-29 19:49:51,685 [ThreadPoolEx] [DEBUG]  saved values in day180in19.csv
2019-06-29 19:49:51,685 [ThreadPoolEx] [INFO ]  Measured and saved under label '2019-06-29T19:50:00'
2019-06-29 19:51:16,080 [ThreadPoolEx] [INFO ]  No plots removed.
2019-06-29 19:51:52,009 [MainThread  ] [INFO ]  Host ('127.0.0.1', 51089) sent command "info" to ServiceManager
2019-06-29 19:59:52,252 [ThreadPoolEx] [DEBUG]  measured values [23.106, 10.291]
2019-06-29 19:59:52,253 [ThreadPoolEx] [DEBUG]  saved values in day180in19.csv
2019-06-29 19:59:52,253 [ThreadPoolEx] [INFO ]  Measured and saved under label '2019-06-29T20:00:00'
2019-06-29 20:09:53,617 [ThreadPoolEx] [DEBUG]  measured values [101.516, -14.872]
2019-06-29 20:09:53,618 [ThreadPoolEx] [DEBUG]  saved values in day180in19.csv
2019-06-29 20:09:53,618 [ThreadPoolEx] [INFO ]  Measured and saved under label '2019-06-29T20:10:00'
2019-06-29 20:19:54,860 [ThreadPoolEx] [DEBUG]  measured values [118.577, 1.562]
2019-06-29 20:19:54,861 [ThreadPoolEx] [DEBUG]  saved values in day180in19.csv
2019-06-29 20:19:54,861 [ThreadPoolEx] [INFO ]  Measured and saved under label '2019-06-29T20:20:00'
2019-06-29 20:29:51,083 [ThreadPoolEx] [DEBUG]  measured values [111.001, -2.751]
2019-06-29 20:29:51,084 [ThreadPoolEx] [DEBUG]  saved values in day180in19.csv
2019-06-29 20:29:51,084 [ThreadPoolEx] [INFO ]  Measured and saved under label '2019-06-29T20:30:00'
2019-06-29 20:39:52,365 [ThreadPoolEx] [DEBUG]  measured values [100.993, -3.267]
2019-06-29 20:39:52,366 [ThreadPoolEx] [DEBUG]  saved values in day180in19.csv
2019-06-29 20:39:52,366 [ThreadPoolEx] [INFO ]  Measured and saved under label '2019-06-29T20:40:00'
2019-06-29 20:49:53,613 [ThreadPoolEx] [DEBUG]  measured values [98.985, -53.467]
2019-06-29 20:49:53,614 [ThreadPoolEx] [DEBUG]  saved values in day180in19.csv
2019-06-29 20:49:53,614 [ThreadPoolEx] [INFO ]  Measured and saved under label '2019-06-29T20:50:00'
2019-06-30 08:33:05,649 [ThreadPoolEx] [DEBUG]  measured values [110.143, -49.304]
2019-06-30 08:33:05,680 [ThreadPoolEx] [DEBUG]  saved values in day180in19.csv
2019-06-30 08:33:05,681 [ThreadPoolEx] [INFO ]  Measured and saved under label '2019-06-29T21:00:00'
2019-06-30 08:33:11,716 [ThreadPoolEx] [DEBUG]  measured values [142.3, -40.5]
2019-06-30 08:33:11,720 [ThreadPoolEx] [DEBUG]  saved values in day180in19.csv
2019-06-30 08:33:11,721 [ThreadPoolEx] [INFO ]  Measured and saved under label '2019-06-29T21:10:00'
2019-06-30 08:33:17,807 [ThreadPoolEx] [DEBUG]  measured values [139.7, -37.3]
2019-06-30 08:33:17,815 [ThreadPoolEx] [DEBUG]  saved values in day180in19.csv
2019-06-30 08:33:17,815 [ThreadPoolEx] [INFO ]  Measured and saved under label '2019-06-29T21:20:00'
2019-06-30 08:33:24,062 [ThreadPoolEx] [DEBUG]  measured values [137.5, -36.7]
2019-06-30 08:33:24,138 [ThreadPoolEx] [DEBUG]  saved values in day180in19.csv
2019-06-30 08:33:24,139 [ThreadPoolEx] [INFO ]  Measured and saved under label '2019-06-29T21:30:00'
2019-06-30 08:33:30,217 [ThreadPoolEx] [DEBUG]  measured values [140.3, -35.8]
2019-06-30 08:33:30,244 [ThreadPoolEx] [DEBUG]  saved values in day180in19.csv
2019-06-30 08:33:30,244 [ThreadPoolEx] [INFO ]  Measured and saved under label '2019-06-29T21:40:00'
2019-06-30 08:33:36,401 [ThreadPoolEx] [DEBUG]  measured values [143.0, -40.6]
2019-06-30 08:33:36,403 [ThreadPoolEx] [DEBUG]  saved values in day180in19.csv
2019-06-30 08:33:36,403 [ThreadPoolEx] [INFO ]  Measured and saved under label '2019-06-29T21:50:00'
2019-06-30 08:33:42,413 [ThreadPoolEx] [DEBUG]  measured values [138.0, -38.6]
2019-06-30 08:33:42,415 [ThreadPoolEx] [DEBUG]  saved values in day180in19.csv
2019-06-30 08:33:42,416 [ThreadPoolEx] [INFO ]  Measured and saved under label '2019-06-29T22:00:00'
2019-06-30 08:33:48,430 [ThreadPoolEx] [DEBUG]  measured values [140.1, -41.3]
2019-06-30 08:33:48,433 [ThreadPoolEx] [DEBUG]  saved values in day180in19.csv
2019-06-30 08:33:48,433 [ThreadPoolEx] [INFO ]  Measured and saved under label '2019-06-29T22:10:00'
2019-06-30 08:33:54,438 [ThreadPoolEx] [DEBUG]  measured values [139.1, -37.5]
2019-06-30 08:33:54,439 [ThreadPoolEx] [DEBUG]  saved values in day180in19.csv
2019-06-30 08:33:54,439 [ThreadPoolEx] [INFO ]  Measured and saved under label '2019-06-29T22:20:00'
2019-06-30 08:34:00,442 [ThreadPoolEx] [DEBUG]  measured values [136.2, -33.2]
2019-06-30 08:34:00,443 [ThreadPoolEx] [DEBUG]  saved values in day180in19.csv
2019-06-30 08:34:00,443 [ThreadPoolEx] [INFO ]  Measured and saved under label '2019-06-29T22:30:00'
2019-06-30 08:34:06,446 [ThreadPoolEx] [DEBUG]  measured values [139.2, -29.8]
2019-06-30 08:34:06,447 [ThreadPoolEx] [DEBUG]  saved values in day180in19.csv
2019-06-30 08:34:06,447 [ThreadPoolEx] [INFO ]  Measured and saved under label '2019-06-29T22:40:00'
2019-06-30 08:34:12,450 [ThreadPoolEx] [DEBUG]  measured values [135.3, -25.8]
2019-06-30 08:34:12,451 [ThreadPoolEx] [DEBUG]  saved values in day180in19.csv
2019-06-30 08:34:12,451 [ThreadPoolEx] [INFO ]  Measured and saved under label '2019-06-29T22:50:00'
2019-06-30 08:34:18,454 [ThreadPoolEx] [DEBUG]  measured values [136.5, -23.5]
2019-06-30 08:34:18,455 [ThreadPoolEx] [DEBUG]  saved values in day180in19.csv
2019-06-30 08:34:18,455 [ThreadPoolEx] [INFO ]  Measured and saved under label '2019-06-29T23:00:00'
2019-06-30 08:34:24,458 [ThreadPoolEx] [DEBUG]  measured values [136.0, -22.3]
2019-06-30 08:34:24,458 [ThreadPoolEx] [DEBUG]  saved values in day180in19.csv
2019-06-30 08:34:24,458 [ThreadPoolEx] [INFO ]  Measured and saved under label '2019-06-29T23:10:00'
2019-06-30 08:34:30,461 [ThreadPoolEx] [DEBUG]  measured values [140.1, -24.1]
2019-06-30 08:34:30,462 [ThreadPoolEx] [DEBUG]  saved values in day180in19.csv
2019-06-30 08:34:30,462 [ThreadPoolEx] [INFO ]  Measured and saved under label '2019-06-29T23:20:00'
2019-06-30 08:34:36,465 [ThreadPoolEx] [DEBUG]  measured values [140.5, -21.7]
2019-06-30 08:34:36,466 [ThreadPoolEx] [DEBUG]  saved values in day180in19.csv
2019-06-30 08:34:36,466 [ThreadPoolEx] [INFO ]  Measured and saved under label '2019-06-29T23:30:00'
2019-06-30 08:34:42,469 [ThreadPoolEx] [DEBUG]  measured values [138.9, -21.1]
2019-06-30 08:34:42,470 [ThreadPoolEx] [DEBUG]  saved values in day180in19.csv
2019-06-30 08:34:42,470 [ThreadPoolEx] [INFO ]  Measured and saved under label '2019-06-29T23:40:00'
2019-06-30 08:34:48,473 [ThreadPoolEx] [DEBUG]  measured values [141.6, -16.2]
2019-06-30 08:34:48,474 [ThreadPoolEx] [DEBUG]  saved values in day180in19.csv
2019-06-30 08:34:48,474 [ThreadPoolEx] [INFO ]  Measured and saved under label '2019-06-29T23:50:00'
2019-06-30 08:34:54,477 [ThreadPoolEx] [DEBUG]  measured values [137.7, -18.6]
2019-06-30 08:34:54,480 [ThreadPoolEx] [DEBUG]  saved values in day181in19.csv
2019-06-30 08:34:54,480 [ThreadPoolEx] [INFO ]  Measured and saved under label '2019-06-30T00:00:00'
2019-06-30 08:35:00,483 [ThreadPoolEx] [DEBUG]  measured values [138.0, -14.8]
2019-06-30 08:35:00,484 [ThreadPoolEx] [DEBUG]  saved values in day181in19.csv
2019-06-30 08:35:00,484 [ThreadPoolEx] [INFO ]  Measured and saved under label '2019-06-30T00:10:00'
2019-06-30 08:35:06,486 [ThreadPoolEx] [DEBUG]  measured values [133.6, -14.5]
2019-06-30 08:35:06,487 [ThreadPoolEx] [DEBUG]  saved values in day181in19.csv
2019-06-30 08:35:06,487 [ThreadPoolEx] [INFO ]  Measured and saved under label '2019-06-30T00:20:00'
2019-06-30 08:35:12,490 [ThreadPoolEx] [DEBUG]  measured values [137.1, -11.2]
2019-06-30 08:35:12,491 [ThreadPoolEx] [DEBUG]  saved values in day181in19.csv
2019-06-30 08:35:12,491 [ThreadPoolEx] [INFO ]  Measured and saved under label '2019-06-30T00:30:00'
2019-06-30 08:35:18,494 [ThreadPoolEx] [DEBUG]  measured values [135.3, -6.2]
2019-06-30 08:35:18,495 [ThreadPoolEx] [DEBUG]  saved values in day181in19.csv
2019-06-30 08:35:18,495 [ThreadPoolEx] [INFO ]  Measured and saved under label '2019-06-30T00:40:00'
2019-06-30 08:35:24,498 [ThreadPoolEx] [DEBUG]  measured values [137.0, -6.6]
2019-06-30 08:35:24,499 [ThreadPoolEx] [DEBUG]  saved values in day181in19.csv
2019-06-30 08:35:24,499 [ThreadPoolEx] [INFO ]  Measured and saved under label '2019-06-30T00:50:00'
2019-06-30 08:35:30,502 [ThreadPoolEx] [DEBUG]  measured values [141.7, -4.4]
2019-06-30 08:35:30,503 [ThreadPoolEx] [DEBUG]  saved values in day181in19.csv
2019-06-30 08:35:30,503 [ThreadPoolEx] [INFO ]  Measured and saved under label '2019-06-30T01:00:00'
2019-06-30 08:35:36,506 [ThreadPoolEx] [DEBUG]  measured values [139.8, 0.6]
2019-06-30 08:35:36,506 [ThreadPoolEx] [DEBUG]  saved values in day181in19.csv
2019-06-30 08:35:36,507 [ThreadPoolEx] [INFO ]  Measured and saved under label '2019-06-30T01:10:00'
2019-06-30 08:35:42,511 [ThreadPoolEx] [DEBUG]  measured values [140.6, 5.2]
2019-06-30 08:35:42,512 [ThreadPoolEx] [DEBUG]  saved values in day181in19.csv
2019-06-30 08:35:42,512 [ThreadPoolEx] [INFO ]  Measured and saved under label '2019-06-30T01:20:00'
2019-06-30 08:35:48,515 [ThreadPoolEx] [DEBUG]  measured values [143.1, 7.6]
2019-06-30 08:35:48,516 [ThreadPoolEx] [DEBUG]  saved values in day181in19.csv
2019-06-30 08:35:48,516 [ThreadPoolEx] [INFO ]  Measured and saved under label '2019-06-30T01:30:00'
2019-06-30 08:35:54,519 [ThreadPoolEx] [DEBUG]  measured values [144.6, 9.5]
2019-06-30 08:35:54,520 [ThreadPoolEx] [DEBUG]  saved values in day181in19.csv
2019-06-30 08:35:54,520 [ThreadPoolEx] [INFO ]  Measured and saved under label '2019-06-30T01:40:00'
2019-06-30 08:36:00,526 [ThreadPoolEx] [DEBUG]  measured values [140.3, 10.0]
2019-06-30 08:36:00,527 [ThreadPoolEx] [DEBUG]  saved values in day181in19.csv
2019-06-30 08:36:00,527 [ThreadPoolEx] [INFO ]  Measured and saved under label '2019-06-30T01:50:00'
2019-06-30 08:36:06,530 [ThreadPoolEx] [DEBUG]  measured values [139.5, 7.8]
2019-06-30 08:36:06,531 [ThreadPoolEx] [DEBUG]  saved values in day181in19.csv
2019-06-30 08:36:06,531 [ThreadPoolEx] [INFO ]  Measured and saved under label '2019-06-30T02:00:00'
2019-06-30 08:36:12,534 [ThreadPoolEx] [DEBUG]  measured values [140.6, 11.4]
2019-06-30 08:36:12,535 [ThreadPoolEx] [DEBUG]  saved values in day181in19.csv
2019-06-30 08:36:12,535 [ThreadPoolEx] [INFO ]  Measured and saved under label '2019-06-30T02:10:00'
2019-06-30 08:36:18,538 [ThreadPoolEx] [DEBUG]  measured values [138.2, 12.1]
2019-06-30 08:36:18,539 [ThreadPoolEx] [DEBUG]  saved values in day181in19.csv
2019-06-30 08:36:18,539 [ThreadPoolEx] [INFO ]  Measured and saved under label '2019-06-30T02:20:00'
2019-06-30 08:36:24,542 [ThreadPoolEx] [DEBUG]  measured values [142.0, 14.9]
2019-06-30 08:36:24,543 [ThreadPoolEx] [DEBUG]  saved values in day181in19.csv
2019-06-30 08:36:24,543 [ThreadPoolEx] [INFO ]  Measured and saved under label '2019-06-30T02:30:00'
2019-06-30 08:36:30,546 [ThreadPoolEx] [DEBUG]  measured values [146.7, 9.9]
2019-06-30 08:36:30,547 [ThreadPoolEx] [DEBUG]  saved values in day181in19.csv
2019-06-30 08:36:30,547 [ThreadPoolEx] [INFO ]  Measured and saved under label '2019-06-30T02:40:00'
2019-06-30 08:36:36,549 [ThreadPoolEx] [DEBUG]  measured values [148.6, 7.5]
2019-06-30 08:36:36,550 [ThreadPoolEx] [DEBUG]  saved values in day181in19.csv
2019-06-30 08:36:36,550 [ThreadPoolEx] [INFO ]  Measured and saved under label '2019-06-30T02:50:00'
2019-06-30 08:36:42,553 [ThreadPoolEx] [DEBUG]  measured values [148.1, 11.0]
2019-06-30 08:36:42,554 [ThreadPoolEx] [DEBUG]  saved values in day181in19.csv
2019-06-30 08:36:42,554 [ThreadPoolEx] [INFO ]  Measured and saved under label '2019-06-30T03:00:00'
2019-06-30 08:36:48,557 [ThreadPoolEx] [DEBUG]  measured values [143.5, 14.7]
2019-06-30 08:36:48,558 [ThreadPoolEx] [DEBUG]  saved values in day181in19.csv
2019-06-30 08:36:48,558 [ThreadPoolEx] [INFO ]  Measured and saved under label '2019-06-30T03:10:00'
2019-06-30 08:36:54,561 [ThreadPoolEx] [DEBUG]  measured values [139.4, 14.6]
2019-06-30 08:36:54,562 [ThreadPoolEx] [DEBUG]  saved values in day181in19.csv
2019-06-30 08:36:54,562 [ThreadPoolEx] [INFO ]  Measured and saved under label '2019-06-30T03:20:00'
2019-06-30 08:37:00,565 [ThreadPoolEx] [DEBUG]  measured values [138.4, 16.9]
2019-06-30 08:37:00,566 [ThreadPoolEx] [DEBUG]  saved values in day181in19.csv
2019-06-30 08:37:00,567 [ThreadPoolEx] [INFO ]  Measured and saved under label '2019-06-30T03:30:00'
2019-06-30 08:37:06,569 [ThreadPoolEx] [DEBUG]  measured values [141.7, 20.4]
2019-06-30 08:37:06,570 [ThreadPoolEx] [DEBUG]  saved values in day181in19.csv
2019-06-30 08:37:06,570 [ThreadPoolEx] [INFO ]  Measured and saved under label '2019-06-30T03:40:00'
2019-06-30 08:37:12,573 [ThreadPoolEx] [DEBUG]  measured values [144.4, 19.9]
2019-06-30 08:37:12,574 [ThreadPoolEx] [DEBUG]  saved values in day181in19.csv
2019-06-30 08:37:12,574 [ThreadPoolEx] [INFO ]  Measured and saved under label '2019-06-30T03:50:00'
2019-06-30 08:37:18,577 [ThreadPoolEx] [DEBUG]  measured values [148.1, 18.1]
2019-06-30 08:37:18,577 [ThreadPoolEx] [DEBUG]  saved values in day181in19.csv
2019-06-30 08:37:18,578 [ThreadPoolEx] [INFO ]  Measured and saved under label '2019-06-30T04:00:00'
2019-06-30 08:37:24,580 [ThreadPoolEx] [DEBUG]  measured values [146.6, 17.0]
2019-06-30 08:37:24,581 [ThreadPoolEx] [DEBUG]  saved values in day181in19.csv
2019-06-30 08:37:24,581 [ThreadPoolEx] [INFO ]  Measured and saved under label '2019-06-30T04:10:00'
2019-06-30 08:37:30,584 [ThreadPoolEx] [DEBUG]  measured values [146.9, 18.0]
2019-06-30 08:37:30,584 [ThreadPoolEx] [DEBUG]  saved values in day181in19.csv
2019-06-30 08:37:30,585 [ThreadPoolEx] [INFO ]  Measured and saved under label '2019-06-30T04:20:00'
2019-06-30 08:37:36,588 [ThreadPoolEx] [DEBUG]  measured values [151.2, 13.8]
2019-06-30 08:37:36,589 [ThreadPoolEx] [DEBUG]  saved values in day181in19.csv
2019-06-30 08:37:36,589 [ThreadPoolEx] [INFO ]  Measured and saved under label '2019-06-30T04:30:00'
2019-06-30 08:37:42,592 [ThreadPoolEx] [DEBUG]  measured values [154.8, 16.0]
2019-06-30 08:37:42,593 [ThreadPoolEx] [DEBUG]  saved values in day181in19.csv
2019-06-30 08:37:42,593 [ThreadPoolEx] [INFO ]  Measured and saved under label '2019-06-30T04:40:00'
2019-06-30 08:37:48,596 [ThreadPoolEx] [DEBUG]  measured values [155.0, 17.6]
2019-06-30 08:37:48,597 [ThreadPoolEx] [DEBUG]  saved values in day181in19.csv
2019-06-30 08:37:48,597 [ThreadPoolEx] [INFO ]  Measured and saved under label '2019-06-30T04:50:00'
2019-06-30 08:37:54,599 [ThreadPoolEx] [DEBUG]  measured values [152.7, 13.4]
2019-06-30 08:37:54,600 [ThreadPoolEx] [DEBUG]  saved values in day181in19.csv
2019-06-30 08:37:54,600 [ThreadPoolEx] [INFO ]  Measured and saved under label '2019-06-30T05:00:00'
2019-06-30 08:38:00,603 [ThreadPoolEx] [DEBUG]  measured values [150.8, 16.0]
2019-06-30 08:38:00,604 [ThreadPoolEx] [DEBUG]  saved values in day181in19.csv
2019-06-30 08:38:00,604 [ThreadPoolEx] [INFO ]  Measured and saved under label '2019-06-30T05:10:00'
2019-06-30 08:38:06,607 [ThreadPoolEx] [DEBUG]  measured values [151.7, 15.4]
2019-06-30 08:38:06,608 [ThreadPoolEx] [DEBUG]  saved values in day181in19.csv
2019-06-30 08:38:06,609 [ThreadPoolEx] [INFO ]  Measured and saved under label '2019-06-30T05:20:00'
2019-06-30 08:38:12,612 [ThreadPoolEx] [DEBUG]  measured values [154.8, 15.2]
2019-06-30 08:38:12,613 [ThreadPoolEx] [DEBUG]  saved values in day181in19.csv
2019-06-30 08:38:12,613 [ThreadPoolEx] [INFO ]  Measured and saved under label '2019-06-30T05:30:00'
2019-06-30 08:38:18,615 [ThreadPoolEx] [DEBUG]  measured values [150.5, 12.8]
2019-06-30 08:38:18,616 [ThreadPoolEx] [DEBUG]  saved values in day181in19.csv
2019-06-30 08:38:18,616 [ThreadPoolEx] [INFO ]  Measured and saved under label '2019-06-30T05:40:00'
2019-06-30 08:38:24,619 [ThreadPoolEx] [DEBUG]  measured values [153.4, 10.5]
2019-06-30 08:38:24,620 [ThreadPoolEx] [DEBUG]  saved values in day181in19.csv
2019-06-30 08:38:24,620 [ThreadPoolEx] [INFO ]  Measured and saved under label '2019-06-30T05:50:00'
2019-06-30 08:38:30,623 [ThreadPoolEx] [DEBUG]  measured values [153.1, 6.3]
2019-06-30 08:38:30,624 [ThreadPoolEx] [DEBUG]  saved values in day181in19.csv
2019-06-30 08:38:30,624 [ThreadPoolEx] [INFO ]  Measured and saved under label '2019-06-30T06:00:00'
2019-06-30 08:38:36,627 [ThreadPoolEx] [DEBUG]  measured values [148.5, 1.3]
2019-06-30 08:38:36,628 [ThreadPoolEx] [DEBUG]  saved values in day181in19.csv
2019-06-30 08:38:36,628 [ThreadPoolEx] [INFO ]  Measured and saved under label '2019-06-30T06:10:00'
2019-06-30 08:38:42,632 [ThreadPoolEx] [DEBUG]  measured values [144.6, 1.0]
2019-06-30 08:38:42,633 [ThreadPoolEx] [DEBUG]  saved values in day181in19.csv
2019-06-30 08:38:42,633 [ThreadPoolEx] [INFO ]  Measured and saved under label '2019-06-30T06:20:00'
2019-06-30 08:38:48,636 [ThreadPoolEx] [DEBUG]  measured values [140.7, 1.9]
2019-06-30 08:38:48,637 [ThreadPoolEx] [DEBUG]  saved values in day181in19.csv
2019-06-30 08:38:48,637 [ThreadPoolEx] [INFO ]  Measured and saved under label '2019-06-30T06:30:00'
2019-06-30 08:38:54,643 [ThreadPoolEx] [DEBUG]  measured values [144.1, 6.7]
2019-06-30 08:38:54,644 [ThreadPoolEx] [DEBUG]  saved values in day181in19.csv
2019-06-30 08:38:54,644 [ThreadPoolEx] [INFO ]  Measured and saved under label '2019-06-30T06:40:00'
2019-06-30 08:39:00,647 [ThreadPoolEx] [DEBUG]  measured values [148.5, 2.5]
2019-06-30 08:39:00,648 [ThreadPoolEx] [DEBUG]  saved values in day181in19.csv
2019-06-30 08:39:00,648 [ThreadPoolEx] [INFO ]  Measured and saved under label '2019-06-30T06:50:00'
2019-06-30 08:39:06,651 [ThreadPoolEx] [DEBUG]  measured values [144.8, -1.5]
2019-06-30 08:39:06,652 [ThreadPoolEx] [DEBUG]  saved values in day181in19.csv
2019-06-30 08:39:06,652 [ThreadPoolEx] [INFO ]  Measured and saved under label '2019-06-30T07:00:00'
2019-06-30 08:39:12,655 [ThreadPoolEx] [DEBUG]  measured values [145.9, -2.6]
2019-06-30 08:39:12,656 [ThreadPoolEx] [DEBUG]  saved values in day181in19.csv
2019-06-30 08:39:12,656 [ThreadPoolEx] [INFO ]  Measured and saved under label '2019-06-30T07:10:00'
2019-06-30 08:39:18,659 [ThreadPoolEx] [DEBUG]  measured values [149.9, -0.4]
2019-06-30 08:39:18,660 [ThreadPoolEx] [DEBUG]  saved values in day181in19.csv
2019-06-30 08:39:18,660 [ThreadPoolEx] [INFO ]  Measured and saved under label '2019-06-30T07:20:00'
2019-06-30 08:39:24,662 [ThreadPoolEx] [DEBUG]  measured values [153.1, 0.7]
2019-06-30 08:39:24,663 [ThreadPoolEx] [DEBUG]  saved values in day181in19.csv
2019-06-30 08:39:24,663 [ThreadPoolEx] [INFO ]  Measured and saved under label '2019-06-30T07:30:00'
2019-06-30 08:39:30,666 [ThreadPoolEx] [DEBUG]  measured values [150.5, 4.8]
2019-06-30 08:39:30,667 [ThreadPoolEx] [DEBUG]  saved values in day181in19.csv
2019-06-30 08:39:30,667 [ThreadPoolEx] [INFO ]  Measured and saved under label '2019-06-30T07:40:00'
2019-06-30 08:39:36,670 [ThreadPoolEx] [DEBUG]  measured values [151.5, 6.1]
2019-06-30 08:39:36,671 [ThreadPoolEx] [DEBUG]  saved values in day181in19.csv
2019-06-30 08:39:36,671 [ThreadPoolEx] [INFO ]  Measured and saved under label '2019-06-30T07:50:00'
2019-06-30 08:39:42,673 [ThreadPoolEx] [DEBUG]  measured values [154.3, 11.0]
2019-06-30 08:39:42,674 [ThreadPoolEx] [DEBUG]  saved values in day181in19.csv
2019-06-30 08:39:42,674 [ThreadPoolEx] [INFO ]  Measured and saved under label '2019-06-30T08:00:00'
2019-06-30 08:39:48,677 [ThreadPoolEx] [DEBUG]  measured values [153.1, 14.4]
2019-06-30 08:39:48,678 [ThreadPoolEx] [DEBUG]  saved values in day181in19.csv
2019-06-30 08:39:48,678 [ThreadPoolEx] [INFO ]  Measured and saved under label '2019-06-30T08:10:00'
2019-06-30 08:39:54,681 [ThreadPoolEx] [DEBUG]  measured values [157.3, 16.1]
2019-06-30 08:39:54,683 [ThreadPoolEx] [DEBUG]  saved values in day181in19.csv
2019-06-30 08:39:54,683 [ThreadPoolEx] [INFO ]  Measured and saved under label '2019-06-30T08:20:00'
2019-06-30 08:40:00,690 [ThreadPoolEx] [DEBUG]  measured values [158.0, 12.3]
2019-06-30 08:40:00,691 [ThreadPoolEx] [DEBUG]  saved values in day181in19.csv
2019-06-30 08:40:00,691 [ThreadPoolEx] [INFO ]  Measured and saved under label '2019-06-30T08:30:00'
2019-06-30 08:40:06,694 [ThreadPoolEx] [DEBUG]  measured values [159.0, 9.7]
2019-06-30 08:40:06,695 [ThreadPoolEx] [DEBUG]  saved values in day181in19.csv
2019-06-30 08:40:06,695 [ThreadPoolEx] [INFO ]  Measured and saved under label '2019-06-30T08:40:00'
2019-06-30 08:49:52,904 [ThreadPoolEx] [DEBUG]  measured values [174.189, 10.784]
2019-06-30 08:49:52,905 [ThreadPoolEx] [DEBUG]  saved values in day181in19.csv
2019-06-30 08:49:52,905 [ThreadPoolEx] [INFO ]  Measured and saved under label '2019-06-30T08:50:00'
2019-06-30 08:59:54,189 [ThreadPoolEx] [DEBUG]  measured values [148.592, 7.71]
2019-06-30 08:59:54,191 [ThreadPoolEx] [DEBUG]  saved values in day181in19.csv
2019-06-30 08:59:54,191 [ThreadPoolEx] [INFO ]  Measured and saved under label '2019-06-30T09:00:00'
2019-06-30 09:09:55,437 [ThreadPoolEx] [DEBUG]  measured values [113.227, 10.153]
2019-06-30 09:09:55,438 [ThreadPoolEx] [DEBUG]  saved values in day181in19.csv
2019-06-30 09:09:55,438 [ThreadPoolEx] [INFO ]  Measured and saved under label '2019-06-30T09:10:00'
2019-06-30 09:19:51,703 [ThreadPoolEx] [DEBUG]  measured values [89.302, -18.597]
2019-06-30 09:19:51,704 [ThreadPoolEx] [DEBUG]  saved values in day181in19.csv
2019-06-30 09:19:51,705 [ThreadPoolEx] [INFO ]  Measured and saved under label '2019-06-30T09:20:00'
2019-06-30 09:29:52,971 [ThreadPoolEx] [DEBUG]  measured values [86.098, -40.558]
2019-06-30 09:29:52,972 [ThreadPoolEx] [DEBUG]  saved values in day181in19.csv
2019-06-30 09:29:52,972 [ThreadPoolEx] [INFO ]  Measured and saved under label '2019-06-30T09:30:00'
2019-06-30 09:39:54,276 [ThreadPoolEx] [DEBUG]  measured values [109.609, -38.868]
2019-06-30 09:39:54,277 [ThreadPoolEx] [DEBUG]  saved values in day181in19.csv
2019-06-30 09:39:54,277 [ThreadPoolEx] [INFO ]  Measured and saved under label '2019-06-30T09:40:00'
2019-06-30 09:49:55,617 [ThreadPoolEx] [DEBUG]  measured values [133.597, -52.957]
2019-06-30 09:49:55,618 [ThreadPoolEx] [DEBUG]  saved values in day181in19.csv
2019-06-30 09:49:55,618 [ThreadPoolEx] [INFO ]  Measured and saved under label '2019-06-30T09:50:00'
2019-06-30 09:59:51,872 [ThreadPoolEx] [DEBUG]  measured values [160.763, -40.411]
2019-06-30 09:59:51,873 [ThreadPoolEx] [DEBUG]  saved values in day181in19.csv
2019-06-30 09:59:51,873 [ThreadPoolEx] [INFO ]  Measured and saved under label '2019-06-30T10:00:00'
2019-06-30 10:09:53,168 [ThreadPoolEx] [DEBUG]  measured values [141.602, -65.329]
2019-06-30 10:09:53,169 [ThreadPoolEx] [DEBUG]  saved values in day181in19.csv
2019-06-30 10:09:53,169 [ThreadPoolEx] [INFO ]  Measured and saved under label '2019-06-30T10:10:00'
2019-06-30 10:16:18,630 [MainThread  ] [INFO ]  Cleaned log file in 0.171 sec. Processed 6639 lines, moved 57 of them to the archive. Archive is 841.294921875KB, Log 28.416015625KB
2019-06-30 10:16:18,648 [MainThread  ] [INFO ]  Cleaned log file in 0.018 sec. Processed 314 lines, moved 0 of them to the archive. Archive is 841.294921875KB, Log 28.59375KB
2019-06-30 10:16:18,667 [MainThread  ] [INFO ]  Cleaned log file in 0.018 sec. Processed 315 lines, moved 0 of them to the archive. Archive is 841.294921875KB, Log 28.765625KB
2019-06-30 10:16:18,684 [MainThread  ] [INFO ]  Cleaned log file in 0.017 sec. Processed 316 lines, moved 0 of them to the archive. Archive is 841.294921875KB, Log 28.9384765625KB
2019-06-30 10:16:18,701 [MainThread  ] [INFO ]  Cleaned log file in 0.017 sec. Processed 317 lines, moved 0 of them to the archive. Archive is 841.294921875KB, Log 29.115234375KB
2019-06-30 10:16:18,721 [MainThread  ] [INFO ]  Cleaned log file in 0.019 sec. Processed 318 lines, moved 0 of them to the archive. Archive is 841.294921875KB, Log 29.291015625KB
2019-06-30 10:16:18,739 [MainThread  ] [INFO ]  Cleaned log file in 0.018 sec. Processed 319 lines, moved 0 of them to the archive. Archive is 841.294921875KB, Log 29.466796875KB
2019-06-30 10:16:18,759 [MainThread  ] [INFO ]  Cleaned log file in 0.02 sec. Processed 320 lines, moved 0 of them to the archive. Archive is 841.294921875KB, Log 29.642578125KB
2019-06-30 10:16:18,777 [MainThread  ] [INFO ]  Cleaned log file in 0.018 sec. Processed 321 lines, moved 0 of them to the archive. Archive is 841.294921875KB, Log 29.8173828125KB
2019-06-30 10:16:18,796 [MainThread  ] [INFO ]  Cleaned log file in 0.019 sec. Processed 322 lines, moved 0 of them to the archive. Archive is 841.294921875KB, Log 29.994140625KB
2019-06-30 10:16:18,815 [MainThread  ] [INFO ]  Cleaned log file in 0.019 sec. Processed 323 lines, moved 0 of them to the archive. Archive is 841.294921875KB, Log 30.169921875KB
2019-06-30 10:16:18,834 [MainThread  ] [INFO ]  Cleaned log file in 0.018 sec. Processed 324 lines, moved 0 of them to the archive. Archive is 841.294921875KB, Log 30.345703125KB
2019-06-30 10:16:18,852 [MainThread  ] [INFO ]  Cleaned log file in 0.018 sec. Processed 325 lines, moved 0 of them to the archive. Archive is 841.294921875KB, Log 30.521484375KB
2019-06-30 10:16:18,871 [MainThread  ] [INFO ]  Cleaned log file in 0.019 sec. Processed 326 lines, moved 0 of them to the archive. Archive is 841.294921875KB, Log 30.697265625KB
2019-06-30 10:16:18,890 [MainThread  ] [INFO ]  Cleaned log file in 0.019 sec. Processed 327 lines, moved 0 of them to the archive. Archive is 841.294921875KB, Log 30.873046875KB
2019-06-30 10:16:18,910 [MainThread  ] [INFO ]  Cleaned log file in 0.019 sec. Processed 328 lines, moved 0 of them to the archive. Archive is 841.294921875KB, Log 31.048828125KB
2019-06-30 10:16:18,930 [MainThread  ] [INFO ]  Cleaned log file in 0.019 sec. Processed 329 lines, moved 0 of them to the archive. Archive is 841.294921875KB, Log 31.224609375KB
2019-06-30 10:16:18,949 [MainThread  ] [INFO ]  Cleaned log file in 0.019 sec. Processed 330 lines, moved 0 of them to the archive. Archive is 841.294921875KB, Log 31.400390625KB
2019-06-30 10:16:18,970 [MainThread  ] [INFO ]  Cleaned log file in 0.02 sec. Processed 331 lines, moved 0 of them to the archive. Archive is 841.294921875KB, Log 31.576171875KB
2019-06-30 10:16:18,989 [MainThread  ] [INFO ]  Cleaned log file in 0.019 sec. Processed 332 lines, moved 0 of them to the archive. Archive is 841.294921875KB, Log 31.7509765625KB
2019-06-30 10:16:19,009 [MainThread  ] [INFO ]  Cleaned log file in 0.019 sec. Processed 333 lines, moved 0 of them to the archive. Archive is 841.294921875KB, Log 31.927734375KB
2019-06-30 10:16:19,035 [MainThread  ] [INFO ]  Cleaned log file in 0.025 sec. Processed 334 lines, moved 0 of them to the archive. Archive is 841.294921875KB, Log 32.103515625KB
2019-06-30 10:16:19,055 [MainThread  ] [INFO ]  Cleaned log file in 0.02 sec. Processed 335 lines, moved 0 of them to the archive. Archive is 841.294921875KB, Log 32.279296875KB
2019-06-30 10:16:19,076 [MainThread  ] [INFO ]  Cleaned log file in 0.02 sec. Processed 336 lines, moved 0 of them to the archive. Archive is 841.294921875KB, Log 32.4541015625KB
2019-06-30 10:16:19,097 [MainThread  ] [INFO ]  Cleaned log file in 0.02 sec. Processed 337 lines, moved 0 of them to the archive. Archive is 841.294921875KB, Log 32.6298828125KB
2019-06-30 10:16:19,117 [MainThread  ] [INFO ]  Cleaned log file in 0.02 sec. Processed 338 lines, moved 0 of them to the archive. Archive is 841.294921875KB, Log 32.8056640625KB
2019-06-30 10:16:19,134 [MainThread  ] [INFO ]  Cleaned log file in 0.018 sec. Processed 339 lines, moved 0 of them to the archive. Archive is 841.294921875KB, Log 32.9814453125KB
2019-06-30 10:16:19,154 [MainThread  ] [INFO ]  Cleaned log file in 0.019 sec. Processed 340 lines, moved 0 of them to the archive. Archive is 841.294921875KB, Log 33.158203125KB
2019-06-30 10:16:19,173 [MainThread  ] [INFO ]  Cleaned log file in 0.019 sec. Processed 341 lines, moved 0 of them to the archive. Archive is 841.294921875KB, Log 33.333984375KB
2019-06-30 10:16:19,192 [MainThread  ] [INFO ]  Cleaned log file in 0.019 sec. Processed 342 lines, moved 0 of them to the archive. Archive is 841.294921875KB, Log 33.509765625KB
2019-06-30 10:16:19,214 [MainThread  ] [INFO ]  Cleaned log file in 0.022 sec. Processed 343 lines, moved 0 of them to the archive. Archive is 841.294921875KB, Log 33.685546875KB
2019-06-30 10:16:19,234 [MainThread  ] [INFO ]  Cleaned log file in 0.019 sec. Processed 344 lines, moved 0 of them to the archive. Archive is 841.294921875KB, Log 33.861328125KB
2019-06-30 10:16:19,255 [MainThread  ] [INFO ]  Cleaned log file in 0.021 sec. Processed 345 lines, moved 0 of them to the archive. Archive is 841.294921875KB, Log 34.037109375KB
2019-06-30 10:16:19,276 [MainThread  ] [INFO ]  Cleaned log file in 0.021 sec. Processed 346 lines, moved 0 of them to the archive. Archive is 841.294921875KB, Log 34.212890625KB
2019-06-30 10:16:19,296 [MainThread  ] [INFO ]  Cleaned log file in 0.019 sec. Processed 347 lines, moved 0 of them to the archive. Archive is 841.294921875KB, Log 34.388671875KB
2019-06-30 10:16:19,317 [MainThread  ] [INFO ]  Cleaned log file in 0.021 sec. Processed 348 lines, moved 0 of them to the archive. Archive is 841.294921875KB, Log 34.564453125KB
2019-06-30 10:16:19,338 [MainThread  ] [INFO ]  Cleaned log file in 0.02 sec. Processed 349 lines, moved 0 of them to the archive. Archive is 841.294921875KB, Log 34.740234375KB
2019-06-30 10:16:19,357 [MainThread  ] [INFO ]  Cleaned log file in 0.019 sec. Processed 350 lines, moved 0 of them to the archive. Archive is 841.294921875KB, Log 34.9150390625KB
2019-06-30 10:16:19,376 [MainThread  ] [INFO ]  Cleaned log file in 0.018 sec. Processed 351 lines, moved 0 of them to the archive. Archive is 841.294921875KB, Log 35.091796875KB
2019-06-30 10:16:19,395 [MainThread  ] [INFO ]  Cleaned log file in 0.018 sec. Processed 352 lines, moved 0 of them to the archive. Archive is 841.294921875KB, Log 35.267578125KB
2019-06-30 10:16:19,413 [MainThread  ] [INFO ]  Cleaned log file in 0.018 sec. Processed 353 lines, moved 0 of them to the archive. Archive is 841.294921875KB, Log 35.443359375KB
2019-06-30 10:16:19,432 [MainThread  ] [INFO ]  Cleaned log file in 0.018 sec. Processed 354 lines, moved 0 of them to the archive. Archive is 841.294921875KB, Log 35.619140625KB
2019-06-30 10:16:19,451 [MainThread  ] [INFO ]  Cleaned log file in 0.019 sec. Processed 355 lines, moved 0 of them to the archive. Archive is 841.294921875KB, Log 35.794921875KB
2019-06-30 10:16:19,470 [MainThread  ] [INFO ]  Cleaned log file in 0.019 sec. Processed 356 lines, moved 0 of them to the archive. Archive is 841.294921875KB, Log 35.970703125KB
2019-06-30 10:16:19,490 [MainThread  ] [INFO ]  Cleaned log file in 0.02 sec. Processed 357 lines, moved 0 of them to the archive. Archive is 841.294921875KB, Log 36.146484375KB
2019-06-30 10:16:19,509 [MainThread  ] [INFO ]  Cleaned log file in 0.019 sec. Processed 358 lines, moved 0 of them to the archive. Archive is 841.294921875KB, Log 36.3212890625KB
2019-06-30 10:16:19,538 [MainThread  ] [INFO ]  Cleaned log file in 0.028 sec. Processed 359 lines, moved 0 of them to the archive. Archive is 841.294921875KB, Log 36.498046875KB
2019-06-30 10:16:19,560 [MainThread  ] [INFO ]  Cleaned log file in 0.022 sec. Processed 360 lines, moved 0 of them to the archive. Archive is 841.294921875KB, Log 36.673828125KB
2019-06-30 10:16:19,590 [MainThread  ] [INFO ]  Cleaned log file in 0.029 sec. Processed 361 lines, moved 0 of them to the archive. Archive is 841.294921875KB, Log 36.849609375KB
2019-06-30 10:16:19,614 [MainThread  ] [INFO ]  Cleaned log file in 0.024 sec. Processed 362 lines, moved 0 of them to the archive. Archive is 841.294921875KB, Log 37.025390625KB
2019-06-30 10:16:19,640 [MainThread  ] [INFO ]  Cleaned log file in 0.025 sec. Processed 363 lines, moved 0 of them to the archive. Archive is 841.294921875KB, Log 37.201171875KB
2019-06-30 10:16:19,696 [MainThread  ] [INFO ]  Cleaned log file in 0.055 sec. Processed 364 lines, moved 0 of them to the archive. Archive is 841.294921875KB, Log 37.376953125KB
2019-06-30 10:16:19,724 [MainThread  ] [INFO ]  Cleaned log file in 0.027 sec. Processed 365 lines, moved 0 of them to the archive. Archive is 841.294921875KB, Log 37.552734375KB
2019-06-30 10:16:19,751 [MainThread  ] [INFO ]  Cleaned log file in 0.026 sec. Processed 366 lines, moved 0 of them to the archive. Archive is 841.294921875KB, Log 37.728515625KB
2019-06-30 10:16:19,772 [MainThread  ] [INFO ]  Cleaned log file in 0.021 sec. Processed 367 lines, moved 0 of them to the archive. Archive is 841.294921875KB, Log 37.904296875KB
2019-06-30 10:16:19,794 [MainThread  ] [INFO ]  Cleaned log file in 0.022 sec. Processed 368 lines, moved 0 of them to the archive. Archive is 841.294921875KB, Log 38.080078125KB
2019-06-30 10:16:19,814 [MainThread  ] [INFO ]  Cleaned log file in 0.019 sec. Processed 369 lines, moved 0 of them to the archive. Archive is 841.294921875KB, Log 38.255859375KB
2019-06-30 10:16:19,834 [MainThread  ] [INFO ]  Cleaned log file in 0.019 sec. Processed 370 lines, moved 0 of them to the archive. Archive is 841.294921875KB, Log 38.431640625KB
2019-06-30 10:16:19,853 [MainThread  ] [INFO ]  Cleaned log file in 0.019 sec. Processed 371 lines, moved 0 of them to the archive. Archive is 841.294921875KB, Log 38.607421875KB
2019-06-30 10:16:19,873 [MainThread  ] [INFO ]  Cleaned log file in 0.021 sec. Processed 372 lines, moved 0 of them to the archive. Archive is 841.294921875KB, Log 38.783203125KB
2019-06-30 10:16:19,892 [MainThread  ] [INFO ]  Cleaned log file in 0.018 sec. Processed 373 lines, moved 0 of them to the archive. Archive is 841.294921875KB, Log 38.958984375KB
2019-06-30 10:16:19,912 [MainThread  ] [INFO ]  Cleaned log file in 0.02 sec. Processed 374 lines, moved 0 of them to the archive. Archive is 841.294921875KB, Log 39.134765625KB
2019-06-30 10:16:19,931 [MainThread  ] [INFO ]  Cleaned log file in 0.019 sec. Processed 375 lines, moved 0 of them to the archive. Archive is 841.294921875KB, Log 39.3095703125KB
2019-06-30 10:16:19,950 [MainThread  ] [INFO ]  Cleaned log file in 0.018 sec. Processed 376 lines, moved 0 of them to the archive. Archive is 841.294921875KB, Log 39.486328125KB
2019-06-30 10:16:19,969 [MainThread  ] [INFO ]  Cleaned log file in 0.019 sec. Processed 377 lines, moved 0 of them to the archive. Archive is 841.294921875KB, Log 39.662109375KB
2019-06-30 10:16:19,988 [MainThread  ] [INFO ]  Cleaned log file in 0.019 sec. Processed 378 lines, moved 0 of them to the archive. Archive is 841.294921875KB, Log 39.837890625KB
2019-06-30 10:16:20,009 [MainThread  ] [INFO ]  Cleaned log file in 0.02 sec. Processed 379 lines, moved 0 of them to the archive. Archive is 841.294921875KB, Log 40.013671875KB
2019-06-30 10:16:20,029 [MainThread  ] [INFO ]  Cleaned log file in 0.019 sec. Processed 380 lines, moved 0 of them to the archive. Archive is 841.294921875KB, Log 40.1884765625KB
2019-06-30 10:16:20,048 [MainThread  ] [INFO ]  Cleaned log file in 0.019 sec. Processed 381 lines, moved 0 of them to the archive. Archive is 841.294921875KB, Log 40.365234375KB
2019-06-30 10:16:20,071 [MainThread  ] [INFO ]  Cleaned log file in 0.022 sec. Processed 382 lines, moved 0 of them to the archive. Archive is 841.294921875KB, Log 40.541015625KB
2019-06-30 10:16:20,093 [MainThread  ] [INFO ]  Cleaned log file in 0.021 sec. Processed 383 lines, moved 0 of them to the archive. Archive is 841.294921875KB, Log 40.716796875KB
2019-06-30 10:16:20,129 [MainThread  ] [INFO ]  Cleaned log file in 0.035 sec. Processed 384 lines, moved 0 of them to the archive. Archive is 841.294921875KB, Log 40.892578125KB
2019-06-30 10:16:20,154 [MainThread  ] [INFO ]  Cleaned log file in 0.024 sec. Processed 385 lines, moved 0 of them to the archive. Archive is 841.294921875KB, Log 41.068359375KB
2019-06-30 10:16:20,193 [MainThread  ] [INFO ]  Cleaned log file in 0.039 sec. Processed 386 lines, moved 0 of them to the archive. Archive is 841.294921875KB, Log 41.244140625KB
2019-06-30 10:16:20,224 [MainThread  ] [INFO ]  Cleaned log file in 0.03 sec. Processed 387 lines, moved 0 of them to the archive. Archive is 841.294921875KB, Log 41.419921875KB
2019-06-30 10:16:20,244 [MainThread  ] [INFO ]  Cleaned log file in 0.021 sec. Processed 388 lines, moved 0 of them to the archive. Archive is 841.294921875KB, Log 41.5947265625KB
2019-06-30 10:16:20,264 [MainThread  ] [INFO ]  Cleaned log file in 0.019 sec. Processed 389 lines, moved 0 of them to the archive. Archive is 841.294921875KB, Log 41.771484375KB
2019-06-30 10:16:20,285 [MainThread  ] [INFO ]  Cleaned log file in 0.021 sec. Processed 390 lines, moved 0 of them to the archive. Archive is 841.294921875KB, Log 41.947265625KB
2019-06-30 10:16:20,304 [MainThread  ] [INFO ]  Cleaned log file in 0.019 sec. Processed 391 lines, moved 0 of them to the archive. Archive is 841.294921875KB, Log 42.123046875KB
2019-06-30 10:16:20,324 [MainThread  ] [INFO ]  Cleaned log file in 0.019 sec. Processed 392 lines, moved 0 of them to the archive. Archive is 841.294921875KB, Log 42.298828125KB
2019-06-30 10:16:20,346 [MainThread  ] [INFO ]  Cleaned log file in 0.022 sec. Processed 393 lines, moved 0 of them to the archive. Archive is 841.294921875KB, Log 42.474609375KB
2019-06-30 10:16:20,370 [MainThread  ] [INFO ]  Cleaned log file in 0.023 sec. Processed 394 lines, moved 0 of them to the archive. Archive is 841.294921875KB, Log 42.650390625KB
2019-06-30 10:16:20,391 [MainThread  ] [INFO ]  Cleaned log file in 0.021 sec. Processed 395 lines, moved 0 of them to the archive. Archive is 841.294921875KB, Log 42.826171875KB
2019-06-30 10:16:20,414 [MainThread  ] [INFO ]  Cleaned log file in 0.022 sec. Processed 396 lines, moved 0 of them to the archive. Archive is 841.294921875KB, Log 43.001953125KB
2019-06-30 10:16:20,436 [MainThread  ] [INFO ]  Cleaned log file in 0.022 sec. Processed 397 lines, moved 0 of them to the archive. Archive is 841.294921875KB, Log 43.177734375KB
2019-06-30 10:16:20,457 [MainThread  ] [INFO ]  Cleaned log file in 0.021 sec. Processed 398 lines, moved 0 of them to the archive. Archive is 841.294921875KB, Log 43.353515625KB
2019-06-30 10:16:20,479 [MainThread  ] [INFO ]  Cleaned log file in 0.022 sec. Processed 399 lines, moved 0 of them to the archive. Archive is 841.294921875KB, Log 43.529296875KB
2019-06-30 10:16:20,499 [MainThread  ] [INFO ]  Cleaned log file in 0.02 sec. Processed 400 lines, moved 0 of them to the archive. Archive is 841.294921875KB, Log 43.705078125KB
2019-06-30 10:16:20,520 [MainThread  ] [INFO ]  Cleaned log file in 0.02 sec. Processed 401 lines, moved 0 of them to the archive. Archive is 841.294921875KB, Log 43.8798828125KB
2019-06-30 10:16:20,541 [MainThread  ] [INFO ]  Cleaned log file in 0.021 sec. Processed 402 lines, moved 0 of them to the archive. Archive is 841.294921875KB, Log 44.0556640625KB
2019-06-30 10:16:20,562 [MainThread  ] [INFO ]  Cleaned log file in 0.021 sec. Processed 403 lines, moved 0 of them to the archive. Archive is 841.294921875KB, Log 44.232421875KB
2019-06-30 10:16:20,583 [MainThread  ] [INFO ]  Cleaned log file in 0.021 sec. Processed 404 lines, moved 0 of them to the archive. Archive is 841.294921875KB, Log 44.408203125KB
2019-06-30 10:16:20,606 [MainThread  ] [INFO ]  Cleaned log file in 0.022 sec. Processed 405 lines, moved 0 of them to the archive. Archive is 841.294921875KB, Log 44.583984375KB
2019-06-30 10:16:20,626 [MainThread  ] [INFO ]  Cleaned log file in 0.021 sec. Processed 406 lines, moved 0 of them to the archive. Archive is 841.294921875KB, Log 44.759765625KB
2019-06-30 10:16:20,659 [MainThread  ] [INFO ]  Cleaned log file in 0.033 sec. Processed 407 lines, moved 0 of them to the archive. Archive is 841.294921875KB, Log 44.935546875KB
2019-06-30 10:16:20,681 [MainThread  ] [INFO ]  Cleaned log file in 0.021 sec. Processed 408 lines, moved 0 of them to the archive. Archive is 841.294921875KB, Log 45.111328125KB
2019-06-30 10:16:20,711 [MainThread  ] [INFO ]  Cleaned log file in 0.03 sec. Processed 409 lines, moved 0 of them to the archive. Archive is 841.294921875KB, Log 45.287109375KB
2019-06-30 10:16:20,732 [MainThread  ] [INFO ]  Cleaned log file in 0.021 sec. Processed 410 lines, moved 0 of them to the archive. Archive is 841.294921875KB, Log 45.4619140625KB
2019-06-30 10:16:20,753 [MainThread  ] [INFO ]  Cleaned log file in 0.021 sec. Processed 411 lines, moved 0 of them to the archive. Archive is 841.294921875KB, Log 45.638671875KB
2019-06-30 10:16:20,774 [MainThread  ] [INFO ]  Cleaned log file in 0.02 sec. Processed 412 lines, moved 0 of them to the archive. Archive is 841.294921875KB, Log 45.814453125KB
2019-06-30 10:18:14,650 [MainThread  ] [INFO ]  Cleaned log file in 0.019 sec. Processed 413 lines, moved 0 of them to the archive. Archive is 841.295KB, Log 45.989KB
2019-06-30 10:18:14,672 [MainThread  ] [INFO ]  Cleaned log file in 0.022 sec. Processed 414 lines, moved 0 of them to the archive. Archive is 841.295KB, Log 46.153KB
2019-06-30 10:18:14,696 [MainThread  ] [INFO ]  Cleaned log file in 0.023 sec. Processed 415 lines, moved 0 of them to the archive. Archive is 841.295KB, Log 46.317KB
2019-06-30 10:18:14,718 [MainThread  ] [INFO ]  Cleaned log file in 0.022 sec. Processed 416 lines, moved 0 of them to the archive. Archive is 841.295KB, Log 46.481KB
2019-06-30 10:18:14,746 [MainThread  ] [INFO ]  Cleaned log file in 0.027 sec. Processed 417 lines, moved 0 of them to the archive. Archive is 841.295KB, Log 46.646KB
2019-06-30 10:18:14,768 [MainThread  ] [INFO ]  Cleaned log file in 0.022 sec. Processed 418 lines, moved 0 of them to the archive. Archive is 841.295KB, Log 46.81KB
2019-06-30 10:18:14,789 [MainThread  ] [INFO ]  Cleaned log file in 0.021 sec. Processed 419 lines, moved 0 of them to the archive. Archive is 841.295KB, Log 46.973KB
2019-06-30 10:18:14,810 [MainThread  ] [INFO ]  Cleaned log file in 0.02 sec. Processed 420 lines, moved 0 of them to the archive. Archive is 841.295KB, Log 47.137KB
2019-06-30 10:18:14,830 [MainThread  ] [INFO ]  Cleaned log file in 0.02 sec. Processed 421 lines, moved 0 of them to the archive. Archive is 841.295KB, Log 47.3KB
2019-06-30 10:18:14,850 [MainThread  ] [INFO ]  Cleaned log file in 0.02 sec. Processed 422 lines, moved 0 of them to the archive. Archive is 841.295KB, Log 47.461KB
2019-06-30 10:18:14,873 [MainThread  ] [INFO ]  Cleaned log file in 0.023 sec. Processed 423 lines, moved 0 of them to the archive. Archive is 841.295KB, Log 47.624KB
2019-06-30 10:18:14,894 [MainThread  ] [INFO ]  Cleaned log file in 0.021 sec. Processed 424 lines, moved 0 of them to the archive. Archive is 841.295KB, Log 47.788KB
2019-06-30 10:18:14,918 [MainThread  ] [INFO ]  Cleaned log file in 0.024 sec. Processed 425 lines, moved 0 of them to the archive. Archive is 841.295KB, Log 47.952KB
2019-06-30 10:18:14,953 [MainThread  ] [INFO ]  Cleaned log file in 0.034 sec. Processed 426 lines, moved 0 of them to the archive. Archive is 841.295KB, Log 48.116KB
2019-06-30 10:18:14,985 [MainThread  ] [INFO ]  Cleaned log file in 0.031 sec. Processed 427 lines, moved 0 of them to the archive. Archive is 841.295KB, Log 48.28KB
2019-06-30 10:18:15,016 [MainThread  ] [INFO ]  Cleaned log file in 0.03 sec. Processed 428 lines, moved 0 of them to the archive. Archive is 841.295KB, Log 48.443KB
2019-06-30 10:18:15,055 [MainThread  ] [INFO ]  Cleaned log file in 0.039 sec. Processed 429 lines, moved 0 of them to the archive. Archive is 841.295KB, Log 48.606KB
2019-06-30 10:18:15,097 [MainThread  ] [INFO ]  Cleaned log file in 0.041 sec. Processed 430 lines, moved 0 of them to the archive. Archive is 841.295KB, Log 48.771KB
2019-06-30 10:18:15,133 [MainThread  ] [INFO ]  Cleaned log file in 0.035 sec. Processed 431 lines, moved 0 of them to the archive. Archive is 841.295KB, Log 48.935KB
2019-06-30 10:18:15,158 [MainThread  ] [INFO ]  Cleaned log file in 0.025 sec. Processed 432 lines, moved 0 of them to the archive. Archive is 841.295KB, Log 49.099KB
2019-06-30 10:18:15,187 [MainThread  ] [INFO ]  Cleaned log file in 0.028 sec. Processed 433 lines, moved 0 of them to the archive. Archive is 841.295KB, Log 49.263KB
2019-06-30 10:18:15,218 [MainThread  ] [INFO ]  Cleaned log file in 0.031 sec. Processed 434 lines, moved 0 of them to the archive. Archive is 841.295KB, Log 49.427KB
2019-06-30 10:18:15,254 [MainThread  ] [INFO ]  Cleaned log file in 0.036 sec. Processed 435 lines, moved 0 of them to the archive. Archive is 841.295KB, Log 49.591KB
2019-06-30 10:18:15,284 [MainThread  ] [INFO ]  Cleaned log file in 0.03 sec. Processed 436 lines, moved 0 of them to the archive. Archive is 841.295KB, Log 49.755KB
2019-06-30 10:18:15,312 [MainThread  ] [INFO ]  Cleaned log file in 0.027 sec. Processed 437 lines, moved 0 of them to the archive. Archive is 841.295KB, Log 49.918KB
2019-06-30 10:18:15,342 [MainThread  ] [INFO ]  Cleaned log file in 0.03 sec. Processed 438 lines, moved 0 of them to the archive. Archive is 841.295KB, Log 50.082KB
2019-06-30 10:18:15,368 [MainThread  ] [INFO ]  Cleaned log file in 0.026 sec. Processed 439 lines, moved 0 of them to the archive. Archive is 841.295KB, Log 50.245KB
2019-06-30 10:18:15,396 [MainThread  ] [INFO ]  Cleaned log file in 0.027 sec. Processed 440 lines, moved 0 of them to the archive. Archive is 841.295KB, Log 50.409KB
2019-06-30 10:18:15,421 [MainThread  ] [INFO ]  Cleaned log file in 0.025 sec. Processed 441 lines, moved 0 of them to the archive. Archive is 841.295KB, Log 50.573KB
2019-06-30 10:18:15,444 [MainThread  ] [INFO ]  Cleaned log file in 0.022 sec. Processed 442 lines, moved 0 of them to the archive. Archive is 841.295KB, Log 50.737KB
2019-06-30 10:18:15,470 [MainThread  ] [INFO ]  Cleaned log file in 0.026 sec. Processed 443 lines, moved 0 of them to the archive. Archive is 841.295KB, Log 50.901KB
2019-06-30 10:18:15,496 [MainThread  ] [INFO ]  Cleaned log file in 0.025 sec. Processed 444 lines, moved 0 of them to the archive. Archive is 841.295KB, Log 51.065KB
2019-06-30 10:18:15,538 [MainThread  ] [INFO ]  Cleaned log file in 0.041 sec. Processed 445 lines, moved 0 of them to the archive. Archive is 841.295KB, Log 51.229KB
2019-06-30 10:18:15,560 [MainThread  ] [INFO ]  Cleaned log file in 0.022 sec. Processed 446 lines, moved 0 of them to the archive. Archive is 841.295KB, Log 51.394KB
2019-06-30 10:18:15,582 [MainThread  ] [INFO ]  Cleaned log file in 0.021 sec. Processed 447 lines, moved 0 of them to the archive. Archive is 841.295KB, Log 51.558KB
2019-06-30 10:18:15,605 [MainThread  ] [INFO ]  Cleaned log file in 0.023 sec. Processed 448 lines, moved 0 of them to the archive. Archive is 841.295KB, Log 51.722KB
2019-06-30 10:18:15,627 [MainThread  ] [INFO ]  Cleaned log file in 0.022 sec. Processed 449 lines, moved 0 of them to the archive. Archive is 841.295KB, Log 51.886KB
2019-06-30 10:18:15,658 [MainThread  ] [INFO ]  Cleaned log file in 0.031 sec. Processed 450 lines, moved 0 of them to the archive. Archive is 841.295KB, Log 52.05KB
2019-06-30 10:18:15,683 [MainThread  ] [INFO ]  Cleaned log file in 0.025 sec. Processed 451 lines, moved 0 of them to the archive. Archive is 841.295KB, Log 52.213KB
2019-06-30 10:18:15,706 [MainThread  ] [INFO ]  Cleaned log file in 0.022 sec. Processed 452 lines, moved 0 of them to the archive. Archive is 841.295KB, Log 52.377KB
2019-06-30 10:18:15,727 [MainThread  ] [INFO ]  Cleaned log file in 0.021 sec. Processed 453 lines, moved 0 of them to the archive. Archive is 841.295KB, Log 52.541KB
2019-06-30 10:18:15,751 [MainThread  ] [INFO ]  Cleaned log file in 0.023 sec. Processed 454 lines, moved 0 of them to the archive. Archive is 841.295KB, Log 52.705KB
2019-06-30 10:18:15,779 [MainThread  ] [INFO ]  Cleaned log file in 0.027 sec. Processed 455 lines, moved 0 of them to the archive. Archive is 841.295KB, Log 52.869KB
2019-06-30 10:18:15,801 [MainThread  ] [INFO ]  Cleaned log file in 0.022 sec. Processed 456 lines, moved 0 of them to the archive. Archive is 841.295KB, Log 53.033KB
2019-06-30 10:18:15,823 [MainThread  ] [INFO ]  Cleaned log file in 0.021 sec. Processed 457 lines, moved 0 of them to the archive. Archive is 841.295KB, Log 53.197KB
2019-06-30 10:18:15,845 [MainThread  ] [INFO ]  Cleaned log file in 0.021 sec. Processed 458 lines, moved 0 of them to the archive. Archive is 841.295KB, Log 53.361KB
2019-06-30 10:18:15,867 [MainThread  ] [INFO ]  Cleaned log file in 0.022 sec. Processed 459 lines, moved 0 of them to the archive. Archive is 841.295KB, Log 53.525KB
2019-06-30 10:18:15,888 [MainThread  ] [INFO ]  Cleaned log file in 0.021 sec. Processed 460 lines, moved 0 of them to the archive. Archive is 841.295KB, Log 53.689KB
2019-06-30 10:18:15,909 [MainThread  ] [INFO ]  Cleaned log file in 0.021 sec. Processed 461 lines, moved 0 of them to the archive. Archive is 841.295KB, Log 53.854KB
2019-06-30 10:18:15,931 [MainThread  ] [INFO ]  Cleaned log file in 0.021 sec. Processed 462 lines, moved 0 of them to the archive. Archive is 841.295KB, Log 54.018KB
2019-06-30 10:18:15,952 [MainThread  ] [INFO ]  Cleaned log file in 0.021 sec. Processed 463 lines, moved 0 of them to the archive. Archive is 841.295KB, Log 54.182KB
2019-06-30 10:18:15,975 [MainThread  ] [INFO ]  Cleaned log file in 0.023 sec. Processed 464 lines, moved 0 of them to the archive. Archive is 841.295KB, Log 54.346KB
2019-06-30 10:18:16,000 [MainThread  ] [INFO ]  Cleaned log file in 0.025 sec. Processed 465 lines, moved 0 of them to the archive. Archive is 841.295KB, Log 54.51KB
2019-06-30 10:18:16,022 [MainThread  ] [INFO ]  Cleaned log file in 0.021 sec. Processed 466 lines, moved 0 of them to the archive. Archive is 841.295KB, Log 54.673KB
2019-06-30 10:18:16,049 [MainThread  ] [INFO ]  Cleaned log file in 0.027 sec. Processed 467 lines, moved 0 of them to the archive. Archive is 841.295KB, Log 54.837KB
2019-06-30 10:18:16,079 [MainThread  ] [INFO ]  Cleaned log file in 0.029 sec. Processed 468 lines, moved 0 of them to the archive. Archive is 841.295KB, Log 55.001KB
2019-06-30 10:18:16,103 [MainThread  ] [INFO ]  Cleaned log file in 0.023 sec. Processed 469 lines, moved 0 of them to the archive. Archive is 841.295KB, Log 55.165KB
2019-06-30 10:18:16,153 [MainThread  ] [INFO ]  Cleaned log file in 0.049 sec. Processed 470 lines, moved 0 of them to the archive. Archive is 841.295KB, Log 55.329KB
2019-06-30 10:18:16,183 [MainThread  ] [INFO ]  Cleaned log file in 0.03 sec. Processed 471 lines, moved 0 of them to the archive. Archive is 841.295KB, Log 55.493KB
2019-06-30 10:18:16,218 [MainThread  ] [INFO ]  Cleaned log file in 0.035 sec. Processed 472 lines, moved 0 of them to the archive. Archive is 841.295KB, Log 55.656KB
2019-06-30 10:18:16,246 [MainThread  ] [INFO ]  Cleaned log file in 0.028 sec. Processed 473 lines, moved 0 of them to the archive. Archive is 841.295KB, Log 55.82KB
2019-06-30 10:18:16,281 [MainThread  ] [INFO ]  Cleaned log file in 0.034 sec. Processed 474 lines, moved 0 of them to the archive. Archive is 841.295KB, Log 55.983KB
2019-06-30 10:18:16,311 [MainThread  ] [INFO ]  Cleaned log file in 0.029 sec. Processed 475 lines, moved 0 of them to the archive. Archive is 841.295KB, Log 56.147KB
2019-06-30 10:18:16,338 [MainThread  ] [INFO ]  Cleaned log file in 0.026 sec. Processed 476 lines, moved 0 of them to the archive. Archive is 841.295KB, Log 56.312KB
2019-06-30 10:18:16,370 [MainThread  ] [INFO ]  Cleaned log file in 0.033 sec. Processed 477 lines, moved 0 of them to the archive. Archive is 841.295KB, Log 56.476KB
2019-06-30 10:18:16,406 [MainThread  ] [INFO ]  Cleaned log file in 0.036 sec. Processed 478 lines, moved 0 of them to the archive. Archive is 841.295KB, Log 56.64KB
2019-06-30 10:18:16,434 [MainThread  ] [INFO ]  Cleaned log file in 0.027 sec. Processed 479 lines, moved 0 of them to the archive. Archive is 841.295KB, Log 56.803KB
2019-06-30 10:18:16,459 [MainThread  ] [INFO ]  Cleaned log file in 0.024 sec. Processed 480 lines, moved 0 of them to the archive. Archive is 841.295KB, Log 56.967KB
2019-06-30 10:18:16,482 [MainThread  ] [INFO ]  Cleaned log file in 0.023 sec. Processed 481 lines, moved 0 of them to the archive. Archive is 841.295KB, Log 57.131KB
2019-06-30 10:18:16,509 [MainThread  ] [INFO ]  Cleaned log file in 0.026 sec. Processed 482 lines, moved 0 of them to the archive. Archive is 841.295KB, Log 57.295KB
2019-06-30 10:18:16,549 [MainThread  ] [INFO ]  Cleaned log file in 0.039 sec. Processed 483 lines, moved 0 of them to the archive. Archive is 841.295KB, Log 57.459KB
2019-06-30 10:18:16,590 [MainThread  ] [INFO ]  Cleaned log file in 0.041 sec. Processed 484 lines, moved 0 of them to the archive. Archive is 841.295KB, Log 57.623KB
2019-06-30 10:18:16,626 [MainThread  ] [INFO ]  Cleaned log file in 0.036 sec. Processed 485 lines, moved 0 of them to the archive. Archive is 841.295KB, Log 57.787KB
2019-06-30 10:18:16,676 [MainThread  ] [INFO ]  Cleaned log file in 0.049 sec. Processed 486 lines, moved 0 of them to the archive. Archive is 841.295KB, Log 57.951KB
2019-06-30 10:18:16,713 [MainThread  ] [INFO ]  Cleaned log file in 0.036 sec. Processed 487 lines, moved 0 of them to the archive. Archive is 841.295KB, Log 58.115KB
2019-06-30 10:18:16,743 [MainThread  ] [INFO ]  Cleaned log file in 0.031 sec. Processed 488 lines, moved 0 of them to the archive. Archive is 841.295KB, Log 58.279KB
2019-06-30 10:18:16,769 [MainThread  ] [INFO ]  Cleaned log file in 0.026 sec. Processed 489 lines, moved 0 of them to the archive. Archive is 841.295KB, Log 58.443KB
2019-06-30 10:18:16,794 [MainThread  ] [INFO ]  Cleaned log file in 0.024 sec. Processed 490 lines, moved 0 of them to the archive. Archive is 841.295KB, Log 58.607KB
2019-06-30 10:18:16,819 [MainThread  ] [INFO ]  Cleaned log file in 0.025 sec. Processed 491 lines, moved 0 of them to the archive. Archive is 841.295KB, Log 58.771KB
2019-06-30 10:18:16,844 [MainThread  ] [INFO ]  Cleaned log file in 0.024 sec. Processed 492 lines, moved 0 of them to the archive. Archive is 841.295KB, Log 58.936KB
2019-06-30 10:18:16,868 [MainThread  ] [INFO ]  Cleaned log file in 0.024 sec. Processed 493 lines, moved 0 of them to the archive. Archive is 841.295KB, Log 59.1KB
2019-06-30 10:18:16,893 [MainThread  ] [INFO ]  Cleaned log file in 0.024 sec. Processed 494 lines, moved 0 of them to the archive. Archive is 841.295KB, Log 59.262KB
2019-06-30 10:18:16,918 [MainThread  ] [INFO ]  Cleaned log file in 0.025 sec. Processed 495 lines, moved 0 of them to the archive. Archive is 841.295KB, Log 59.426KB
2019-06-30 10:18:16,941 [MainThread  ] [INFO ]  Cleaned log file in 0.023 sec. Processed 496 lines, moved 0 of them to the archive. Archive is 841.295KB, Log 59.59KB
2019-06-30 10:18:16,962 [MainThread  ] [INFO ]  Cleaned log file in 0.021 sec. Processed 497 lines, moved 0 of them to the archive. Archive is 841.295KB, Log 59.753KB
2019-06-30 10:18:16,985 [MainThread  ] [INFO ]  Cleaned log file in 0.022 sec. Processed 498 lines, moved 0 of them to the archive. Archive is 841.295KB, Log 59.917KB
2019-06-30 10:18:17,009 [MainThread  ] [INFO ]  Cleaned log file in 0.024 sec. Processed 499 lines, moved 0 of them to the archive. Archive is 841.295KB, Log 60.081KB
2019-06-30 10:18:17,032 [MainThread  ] [INFO ]  Cleaned log file in 0.023 sec. Processed 500 lines, moved 0 of them to the archive. Archive is 841.295KB, Log 60.245KB
2019-06-30 10:18:17,057 [MainThread  ] [INFO ]  Cleaned log file in 0.025 sec. Processed 501 lines, moved 0 of them to the archive. Archive is 841.295KB, Log 60.409KB
2019-06-30 10:18:17,085 [MainThread  ] [INFO ]  Cleaned log file in 0.027 sec. Processed 502 lines, moved 0 of them to the archive. Archive is 841.295KB, Log 60.573KB
2019-06-30 10:18:17,115 [MainThread  ] [INFO ]  Cleaned log file in 0.03 sec. Processed 503 lines, moved 0 of them to the archive. Archive is 841.295KB, Log 60.737KB
2019-06-30 10:18:17,142 [MainThread  ] [INFO ]  Cleaned log file in 0.027 sec. Processed 504 lines, moved 0 of them to the archive. Archive is 841.295KB, Log 60.9KB
2019-06-30 10:18:17,169 [MainThread  ] [INFO ]  Cleaned log file in 0.027 sec. Processed 505 lines, moved 0 of them to the archive. Archive is 841.295KB, Log 61.062KB
2019-06-30 10:18:17,205 [MainThread  ] [INFO ]  Cleaned log file in 0.035 sec. Processed 506 lines, moved 0 of them to the archive. Archive is 841.295KB, Log 61.227KB
2019-06-30 10:18:17,228 [MainThread  ] [INFO ]  Cleaned log file in 0.023 sec. Processed 507 lines, moved 0 of them to the archive. Archive is 841.295KB, Log 61.391KB
2019-06-30 10:18:17,251 [MainThread  ] [INFO ]  Cleaned log file in 0.022 sec. Processed 508 lines, moved 0 of them to the archive. Archive is 841.295KB, Log 61.555KB
2019-06-30 10:18:17,276 [MainThread  ] [INFO ]  Cleaned log file in 0.025 sec. Processed 509 lines, moved 0 of them to the archive. Archive is 841.295KB, Log 61.719KB
2019-06-30 10:18:17,300 [MainThread  ] [INFO ]  Cleaned log file in 0.023 sec. Processed 510 lines, moved 0 of them to the archive. Archive is 841.295KB, Log 61.883KB
2019-06-30 10:18:17,328 [MainThread  ] [INFO ]  Cleaned log file in 0.028 sec. Processed 511 lines, moved 0 of them to the archive. Archive is 841.295KB, Log 62.047KB
2019-06-30 10:18:17,353 [MainThread  ] [INFO ]  Cleaned log file in 0.024 sec. Processed 512 lines, moved 0 of them to the archive. Archive is 841.295KB, Log 62.211KB
2019-06-30 10:19:54,485 [ThreadPoolEx] [DEBUG]  measured values [90.746, -56.033]
2019-06-30 10:19:54,485 [ThreadPoolEx] [DEBUG]  saved values in day181in19.csv
2019-06-30 10:19:54,486 [ThreadPoolEx] [INFO ]  Measured and saved under label '2019-06-30T10:20:00'
2019-06-30 10:29:55,725 [ThreadPoolEx] [DEBUG]  measured values [51.032, -65.013]
2019-06-30 10:29:55,726 [ThreadPoolEx] [DEBUG]  saved values in day181in19.csv
2019-06-30 10:29:55,726 [ThreadPoolEx] [INFO ]  Measured and saved under label '2019-06-30T10:30:00'
